<?xml version="1.0" encoding="UTF-8"?>
<!-- Generated by org.testng.reporters.JUnitReportReporter -->
<testsuite hostname="SACHIN" failures="0" tests="2" name="testPack.Demo2" time="0.007" errors="0" timestamp="2022-07-02T20:22:48 IST" skipped="0">
  <testcase classname="testPack.Demo2" name="test" time="0.005"/>
  <system-out/>
  <testcase classname="testPack.Demo2" name="test2" time="0.002"/>
  <system-out/>
</testsuite> <!-- testPack.Demo2 -->
