<?xml version="1.0" encoding="UTF-8"?>
<!-- Generated by org.testng.reporters.JUnitReportReporter -->
<testsuite hostname="SACHIN" failures="0" tests="2" name="testPack.Demo" time="0.009" errors="0" timestamp="2022-07-02T20:22:48 IST" skipped="0">
  <testcase classname="testPack.Demo" name="test" time="0.008"/>
  <system-out/>
  <testcase classname="testPack.Demo" name="test2" time="0.001"/>
  <system-out/>
</testsuite> <!-- testPack.Demo -->
