<?xml version="1.0" encoding="UTF-8"?>
<!-- Generated by org.testng.reporters.JUnitReportReporter -->
<testsuite hostname="SACHIN" failures="0" tests="3" name="testPack.TestClassWithTNG" time="0.009" errors="0" timestamp="2022-07-01T06:53:12 IST" skipped="0">
  <testcase classname="testPack.TestClassWithTNG" name="test2" time="0.002"/>
  <system-out/>
  <testcase classname="testPack.TestClassWithTNG" name="test3" time="0.002"/>
  <system-out/>
  <testcase classname="testPack.TestClassWithTNG" name="test" time="0.005"/>
  <system-out/>
</testsuite> <!-- testPack.TestClassWithTNG -->
