<?xml version="1.0" encoding="UTF-8"?>
<!-- Generated by org.testng.reporters.JUnitReportReporter -->
<testsuite hostname="SACHIN" failures="0" tests="5" name="testPack.KeywordInTNG" time="0.014" errors="0" timestamp="2022-07-01T06:53:34 IST" skipped="0">
  <testcase classname="testPack.KeywordInTNG" name="test1" time="0.002"/>
  <system-out/>
  <testcase classname="testPack.KeywordInTNG" name="test3" time="0.006"/>
  <system-out/>
  <testcase classname="testPack.KeywordInTNG" name="test2" time="0.002"/>
  <system-out/>
  <testcase classname="testPack.KeywordInTNG" name="test2" time="0.002"/>
  <system-out/>
  <testcase classname="testPack.KeywordInTNG" name="test2" time="0.002"/>
  <system-out/>
</testsuite> <!-- testPack.KeywordInTNG -->
