<?xml version="1.0" encoding="UTF-8"?>
<!-- Generated by org.testng.reporters.JUnitReportReporter -->
<testsuite hostname="SACHIN" failures="0" tests="2" name="testPack.Demo3" time="0.011" errors="0" timestamp="2022-07-02T20:22:48 IST" skipped="0">
  <testcase classname="testPack.Demo3" name="test" time="0.008"/>
  <system-out/>
  <testcase classname="testPack.Demo3" name="test3" time="0.003"/>
  <system-out/>
</testsuite> <!-- testPack.Demo3 -->
